# JRE version: Java(TM) SE Runtime Environment (8.0_221-b11) (build 1.8.0_221-b11)
# Java VM: Java HotSpot(TM) 64-Bit Server VM (25.221-b11 mixed mode linux-amd64 compressed oops)
Heap:
 PSYoungGen      total 173056K, used 5253K [0x00000000ebf80000, 0x00000000f7e00000, 0x0000000100000000)
  eden space 161792K, 0% used [0x00000000ebf80000,0x00000000ebf80000,0x00000000f5d80000)
  from space 11264K, 46% used [0x00000000f5d80000,0x00000000f62a1738,0x00000000f6880000)
  to   space 10240K, 0% used [0x00000000f6880000,0x00000000f6880000,0x00000000f7280000)
 ParOldGen       total 32768K, used 20007K [0x00000000c3e00000, 0x00000000c5e00000, 0x00000000ebf80000)
  object space 32768K, 61% used [0x00000000c3e00000,0x00000000c5189c50,0x00000000c5e00000)
 Metaspace       used 33700K, capacity 35450K, committed 35496K, reserved 1079296K
  class space    used 4485K, capacity 4848K, committed 4864K, reserved 1048576K
GC Heap History (10 events):
Event: 3,381 GC heap after
Heap after GC invocations=7 (full 0):
 PSYoungGen      total 69120K, used 6130K [0x00000000ebf80000, 0x00000000f4a80000, 0x0000000100000000)
  eden space 62976K, 0% used [0x00000000ebf80000,0x00000000ebf80000,0x00000000efd00000)
  from space 6144K, 99% used [0x00000000efd00000,0x00000000f02fcb68,0x00000000f0300000)
  to   space 8192K, 0% used [0x00000000f4280000,0x00000000f4280000,0x00000000f4a80000)
 ParOldGen       total 42496K, used 7712K [0x00000000c3e00000, 0x00000000c6780000, 0x00000000ebf80000)
  object space 42496K, 18% used [0x00000000c3e00000,0x00000000c45883d0,0x00000000c6780000)
 Metaspace       used 20578K, capacity 21240K, committed 21296K, reserved 1067008K
  class space    used 2750K, capacity 2932K, committed 2944K, reserved 1048576K
}
Event: 3,381 GC heap before
{Heap before GC invocations=8 (full 1):
 PSYoungGen      total 69120K, used 6130K [0x00000000ebf80000, 0x00000000f4a80000, 0x0000000100000000)
  eden space 62976K, 0% used [0x00000000ebf80000,0x00000000ebf80000,0x00000000efd00000)
  from space 6144K, 99% used [0x00000000efd00000,0x00000000f02fcb68,0x00000000f0300000)
  to   space 8192K, 0% used [0x00000000f4280000,0x00000000f4280000,0x00000000f4a80000)
 ParOldGen       total 42496K, used 7712K [0x00000000c3e00000, 0x00000000c6780000, 0x00000000ebf80000)
  object space 42496K, 18% used [0x00000000c3e00000,0x00000000c45883d0,0x00000000c6780000)
 Metaspace       used 20578K, capacity 21240K, committed 21296K, reserved 1067008K
  class space    used 2750K, capacity 2932K, committed 2944K, reserved 1048576K
Event: 3,458 GC heap after
Heap after GC invocations=8 (full 1):
 PSYoungGen      total 69120K, used 0K [0x00000000ebf80000, 0x00000000f4a80000, 0x0000000100000000)
  eden space 62976K, 0% used [0x00000000ebf80000,0x00000000ebf80000,0x00000000efd00000)
  from space 6144K, 0% used [0x00000000efd00000,0x00000000efd00000,0x00000000f0300000)
  to   space 8192K, 0% used [0x00000000f4280000,0x00000000f4280000,0x00000000f4a80000)
 ParOldGen       total 32768K, used 10347K [0x00000000c3e00000, 0x00000000c5e00000, 0x00000000ebf80000)
  object space 32768K, 31% used [0x00000000c3e00000,0x00000000c481ae80,0x00000000c5e00000)
 Metaspace       used 20576K, capacity 21234K, committed 21296K, reserved 1067008K
  class space    used 2750K, capacity 2931K, committed 2944K, reserved 1048576K
}
Event: 3,814 GC heap before
{Heap before GC invocations=9 (full 1):
 PSYoungGen      total 69120K, used 62976K [0x00000000ebf80000, 0x00000000f4a80000, 0x0000000100000000)
  eden space 62976K, 100% used [0x00000000ebf80000,0x00000000efd00000,0x00000000efd00000)
  from space 6144K, 0% used [0x00000000efd00000,0x00000000efd00000,0x00000000f0300000)
  to   space 8192K, 0% used [0x00000000f4280000,0x00000000f4280000,0x00000000f4a80000)
 ParOldGen       total 32768K, used 10347K [0x00000000c3e00000, 0x00000000c5e00000, 0x00000000ebf80000)
  object space 32768K, 31% used [0x00000000c3e00000,0x00000000c481ae80,0x00000000c5e00000)
 Metaspace       used 22369K, capacity 23122K, committed 23168K, reserved 1069056K
  class space    used 2970K, capacity 3171K, committed 3200K, reserved 1048576K
Event: 3,822 GC heap after
Heap after GC invocations=9 (full 1):
 PSYoungGen      total 115712K, used 2764K [0x00000000ebf80000, 0x00000000f4580000, 0x0000000100000000)
  eden space 112640K, 0% used [0x00000000ebf80000,0x00000000ebf80000,0x00000000f2d80000)
  from space 3072K, 89% used [0x00000000f4280000,0x00000000f45331d0,0x00000000f4580000)
  to   space 8192K, 0% used [0x00000000f3580000,0x00000000f3580000,0x00000000f3d80000)
 ParOldGen       total 32768K, used 10419K [0x00000000c3e00000, 0x00000000c5e00000, 0x00000000ebf80000)
  object space 32768K, 31% used [0x00000000c3e00000,0x00000000c482ce90,0x00000000c5e00000)
 Metaspace       used 22369K, capacity 23122K, committed 23168K, reserved 1069056K
  class space    used 2970K, capacity 3171K, committed 3200K, reserved 1048576K
}
Event: 5,354 GC heap before
{Heap before GC invocations=10 (full 1):
 PSYoungGen      total 115712K, used 115404K [0x00000000ebf80000, 0x00000000f4580000, 0x0000000100000000)
  eden space 112640K, 100% used [0x00000000ebf80000,0x00000000f2d80000,0x00000000f2d80000)
  from space 3072K, 89% used [0x00000000f4280000,0x00000000f45331d0,0x00000000f4580000)
  to   space 8192K, 0% used [0x00000000f3580000,0x00000000f3580000,0x00000000f3d80000)
 ParOldGen       total 32768K, used 10419K [0x00000000c3e00000, 0x00000000c5e00000, 0x00000000ebf80000)
  object space 32768K, 31% used [0x00000000c3e00000,0x00000000c482ce90,0x00000000c5e00000)
 Metaspace       used 26536K, capacity 27722K, committed 28032K, reserved 1073152K
  class space    used 3606K, capacity 3890K, committed 3968K, reserved 1048576K
Event: 5,375 GC heap after
Heap after GC invocations=10 (full 1):
 PSYoungGen      total 129024K, used 8161K [0x00000000ebf80000, 0x00000000f7280000, 0x0000000100000000)
  eden space 120832K, 0% used [0x00000000ebf80000,0x00000000ebf80000,0x00000000f3580000)
  from space 8192K, 99% used [0x00000000f3580000,0x00000000f3d785e8,0x00000000f3d80000)
  to   space 10240K, 0% used [0x00000000f6880000,0x00000000f6880000,0x00000000f7280000)
 ParOldGen       total 32768K, used 11997K [0x00000000c3e00000, 0x00000000c5e00000, 0x00000000ebf80000)
  object space 32768K, 36% used [0x00000000c3e00000,0x00000000c49b7480,0x00000000c5e00000)
 Metaspace       used 26536K, capacity 27722K, committed 28032K, reserved 1073152K
  class space    used 3606K, capacity 3890K, committed 3968K, reserved 1048576K
}
Event: 7,104 GC heap before
{Heap before GC invocations=11 (full 1):
 PSYoungGen      total 129024K, used 128993K [0x00000000ebf80000, 0x00000000f7280000, 0x0000000100000000)
  eden space 120832K, 100% used [0x00000000ebf80000,0x00000000f3580000,0x00000000f3580000)
  from space 8192K, 99% used [0x00000000f3580000,0x00000000f3d785e8,0x00000000f3d80000)
  to   space 10240K, 0% used [0x00000000f6880000,0x00000000f6880000,0x00000000f7280000)
 ParOldGen       total 32768K, used 11997K [0x00000000c3e00000, 0x00000000c5e00000, 0x00000000ebf80000)
  object space 32768K, 36% used [0x00000000c3e00000,0x00000000c49b7480,0x00000000c5e00000)
 Metaspace       used 30658K, capacity 32406K, committed 32768K, reserved 1077248K
  class space    used 4132K, capacity 4490K, committed 4608K, reserved 1048576K
Event: 7,168 GC heap after
Heap after GC invocations=11 (full 1):
 PSYoungGen      total 172032K, used 9453K [0x00000000ebf80000, 0x00000000f7e00000, 0x0000000100000000)
  eden space 161792K, 0% used [0x00000000ebf80000,0x00000000ebf80000,0x00000000f5d80000)
  from space 10240K, 92% used [0x00000000f6880000,0x00000000f71bb638,0x00000000f7280000)
  to   space 11264K, 0% used [0x00000000f5d80000,0x00000000f5d80000,0x00000000f6880000)
 ParOldGen       total 32768K, used 13246K [0x00000000c3e00000, 0x00000000c5e00000, 0x00000000ebf80000)
  object space 32768K, 40% used [0x00000000c3e00000,0x00000000c4aefba0,0x00000000c5e00000)
 Metaspace       used 30658K, capacity 32406K, committed 32768K, reserved 1077248K
  class space    used 4132K, capacity 4490K, committed 4608K, reserved 1048576K
}
Event: 18,363 GC heap before
{Heap before GC invocations=12 (full 1):
 PSYoungGen      total 172032K, used 47059K [0x00000000ebf80000, 0x00000000f7e00000, 0x0000000100000000)
  eden space 161792K, 23% used [0x00000000ebf80000,0x00000000ee439778,0x00000000f5d80000)
  from space 10240K, 92% used [0x00000000f6880000,0x00000000f71bb638,0x00000000f7280000)
  to   space 11264K, 0% used [0x00000000f5d80000,0x00000000f5d80000,0x00000000f6880000)
 ParOldGen       total 32768K, used 13246K [0x00000000c3e00000, 0x00000000c5e00000, 0x00000000ebf80000)
  object space 32768K, 40% used [0x00000000c3e00000,0x00000000c4aefba0,0x00000000c5e00000)
 Metaspace       used 33700K, capacity 35450K, committed 35496K, reserved 1079296K
  class space    used 4485K, capacity 4848K, committed 4864K, reserved 1048576K

