# JRE version: Java(TM) SE Runtime Environment (8.0_221-b11) (build 1.8.0_221-b11)
# Java VM: Java HotSpot(TM) 64-Bit Server VM (25.221-b11 mixed mode linux-amd64 compressed oops)
Heap:
 PSYoungGen      total 203264K, used 4837K [0x00000000ebf80000, 0x00000000f9100000, 0x0000000100000000)
  eden space 192000K, 0% used [0x00000000ebf80000,0x00000000ebf80000,0x00000000f7b00000)
  from space 11264K, 42% used [0x00000000f7b00000,0x00000000f7fb95b8,0x00000000f8600000)
  to   space 9216K, 0% used [0x00000000f8600000,0x00000000f8600000,0x00000000f8f00000)
 ParOldGen       total 28672K, used 18379K [0x00000000c3e00000, 0x00000000c5a00000, 0x00000000ebf80000)
  object space 28672K, 64% used [0x00000000c3e00000,0x00000000c4ff2dc8,0x00000000c5a00000)
 Metaspace       used 33671K, capacity 35474K, committed 35496K, reserved 1079296K
  class space    used 4471K, capacity 4852K, committed 4864K, reserved 1048576K
GC Heap History (10 events):
Event: 3,718 GC heap after
Heap after GC invocations=7 (full 0):
 PSYoungGen      total 69120K, used 6127K [0x00000000ebf80000, 0x00000000f4a80000, 0x0000000100000000)
  eden space 62976K, 0% used [0x00000000ebf80000,0x00000000ebf80000,0x00000000efd00000)
  from space 6144K, 99% used [0x00000000efd00000,0x00000000f02fbd98,0x00000000f0300000)
  to   space 8192K, 0% used [0x00000000f4280000,0x00000000f4280000,0x00000000f4a80000)
 ParOldGen       total 42496K, used 7626K [0x00000000c3e00000, 0x00000000c6780000, 0x00000000ebf80000)
  object space 42496K, 17% used [0x00000000c3e00000,0x00000000c4572ac0,0x00000000c6780000)
 Metaspace       used 20420K, capacity 21060K, committed 21120K, reserved 1067008K
  class space    used 2724K, capacity 2938K, committed 2944K, reserved 1048576K
}
Event: 3,741 GC heap before
{Heap before GC invocations=8 (full 0):
 PSYoungGen      total 69120K, used 9554K [0x00000000ebf80000, 0x00000000f4a80000, 0x0000000100000000)
  eden space 62976K, 5% used [0x00000000ebf80000,0x00000000ec2d8b18,0x00000000efd00000)
  from space 6144K, 99% used [0x00000000efd00000,0x00000000f02fbd98,0x00000000f0300000)
  to   space 8192K, 0% used [0x00000000f4280000,0x00000000f4280000,0x00000000f4a80000)
 ParOldGen       total 42496K, used 7626K [0x00000000c3e00000, 0x00000000c6780000, 0x00000000ebf80000)
  object space 42496K, 17% used [0x00000000c3e00000,0x00000000c4572ac0,0x00000000c6780000)
 Metaspace       used 20614K, capacity 21258K, committed 21296K, reserved 1067008K
  class space    used 2751K, capacity 2939K, committed 2944K, reserved 1048576K
Event: 3,749 GC heap after
Heap after GC invocations=8 (full 0):
 PSYoungGen      total 134144K, used 3261K [0x00000000ebf80000, 0x00000000f4a80000, 0x0000000100000000)
  eden space 125952K, 0% used [0x00000000ebf80000,0x00000000ebf80000,0x00000000f3a80000)
  from space 8192K, 39% used [0x00000000f4280000,0x00000000f45af580,0x00000000f4a80000)
  to   space 8192K, 0% used [0x00000000f3a80000,0x00000000f3a80000,0x00000000f4280000)
 ParOldGen       total 42496K, used 7786K [0x00000000c3e00000, 0x00000000c6780000, 0x00000000ebf80000)
  object space 42496K, 18% used [0x00000000c3e00000,0x00000000c459ab48,0x00000000c6780000)
 Metaspace       used 20614K, capacity 21258K, committed 21296K, reserved 1067008K
  class space    used 2751K, capacity 2939K, committed 2944K, reserved 1048576K
}
Event: 3,749 GC heap before
{Heap before GC invocations=9 (full 1):
 PSYoungGen      total 134144K, used 3261K [0x00000000ebf80000, 0x00000000f4a80000, 0x0000000100000000)
  eden space 125952K, 0% used [0x00000000ebf80000,0x00000000ebf80000,0x00000000f3a80000)
  from space 8192K, 39% used [0x00000000f4280000,0x00000000f45af580,0x00000000f4a80000)
  to   space 8192K, 0% used [0x00000000f3a80000,0x00000000f3a80000,0x00000000f4280000)
 ParOldGen       total 42496K, used 7786K [0x00000000c3e00000, 0x00000000c6780000, 0x00000000ebf80000)
  object space 42496K, 18% used [0x00000000c3e00000,0x00000000c459ab48,0x00000000c6780000)
 Metaspace       used 20614K, capacity 21258K, committed 21296K, reserved 1067008K
  class space    used 2751K, capacity 2939K, committed 2944K, reserved 1048576K
Event: 3,799 GC heap after
Heap after GC invocations=9 (full 1):
 PSYoungGen      total 134144K, used 0K [0x00000000ebf80000, 0x00000000f4a80000, 0x0000000100000000)
  eden space 125952K, 0% used [0x00000000ebf80000,0x00000000ebf80000,0x00000000f3a80000)
  from space 8192K, 0% used [0x00000000f4280000,0x00000000f4280000,0x00000000f4a80000)
  to   space 8192K, 0% used [0x00000000f3a80000,0x00000000f3a80000,0x00000000f4280000)
 ParOldGen       total 28672K, used 7701K [0x00000000c3e00000, 0x00000000c5a00000, 0x00000000ebf80000)
  object space 28672K, 26% used [0x00000000c3e00000,0x00000000c4585548,0x00000000c5a00000)
 Metaspace       used 20614K, capacity 21258K, committed 21296K, reserved 1067008K
  class space    used 2751K, capacity 2939K, committed 2944K, reserved 1048576K
}
Event: 7,324 GC heap before
{Heap before GC invocations=10 (full 1):
 PSYoungGen      total 134144K, used 125952K [0x00000000ebf80000, 0x00000000f4a80000, 0x0000000100000000)
  eden space 125952K, 100% used [0x00000000ebf80000,0x00000000f3a80000,0x00000000f3a80000)
  from space 8192K, 0% used [0x00000000f4280000,0x00000000f4280000,0x00000000f4a80000)
  to   space 8192K, 0% used [0x00000000f3a80000,0x00000000f3a80000,0x00000000f4280000)
 ParOldGen       total 28672K, used 7701K [0x00000000c3e00000, 0x00000000c5a00000, 0x00000000ebf80000)
  object space 28672K, 26% used [0x00000000c3e00000,0x00000000c4585548,0x00000000c5a00000)
 Metaspace       used 24405K, capacity 25460K, committed 25600K, reserved 1071104K
  class space    used 3286K, capacity 3515K, committed 3584K, reserved 1048576K
Event: 7,388 GC heap after
Heap after GC invocations=10 (full 1):
 PSYoungGen      total 134144K, used 7321K [0x00000000ebf80000, 0x00000000f8f00000, 0x0000000100000000)
  eden space 125952K, 0% used [0x00000000ebf80000,0x00000000ebf80000,0x00000000f3a80000)
  from space 8192K, 89% used [0x00000000f3a80000,0x00000000f41a65f8,0x00000000f4280000)
  to   space 9216K, 0% used [0x00000000f8600000,0x00000000f8600000,0x00000000f8f00000)
 ParOldGen       total 28672K, used 7709K [0x00000000c3e00000, 0x00000000c5a00000, 0x00000000ebf80000)
  object space 28672K, 26% used [0x00000000c3e00000,0x00000000c4587548,0x00000000c5a00000)
 Metaspace       used 24405K, capacity 25460K, committed 25600K, reserved 1071104K
  class space    used 3286K, capacity 3515K, committed 3584K, reserved 1048576K
}
Event: 13,299 GC heap before
{Heap before GC invocations=11 (full 1):
 PSYoungGen      total 134144K, used 133273K [0x00000000ebf80000, 0x00000000f8f00000, 0x0000000100000000)
  eden space 125952K, 100% used [0x00000000ebf80000,0x00000000f3a80000,0x00000000f3a80000)
  from space 8192K, 89% used [0x00000000f3a80000,0x00000000f41a65f8,0x00000000f4280000)
  to   space 9216K, 0% used [0x00000000f8600000,0x00000000f8600000,0x00000000f8f00000)
 ParOldGen       total 28672K, used 7709K [0x00000000c3e00000, 0x00000000c5a00000, 0x00000000ebf80000)
  object space 28672K, 26% used [0x00000000c3e00000,0x00000000c4587548,0x00000000c5a00000)
 Metaspace       used 30721K, capacity 32374K, committed 32640K, reserved 1077248K
  class space    used 4129K, capacity 4458K, committed 4480K, reserved 1048576K
Event: 13,375 GC heap after
Heap after GC invocations=11 (full 1):
 PSYoungGen      total 201216K, used 9190K [0x00000000ebf80000, 0x00000000f9100000, 0x0000000100000000)
  eden space 192000K, 0% used [0x00000000ebf80000,0x00000000ebf80000,0x00000000f7b00000)
  from space 9216K, 99% used [0x00000000f8600000,0x00000000f8ef9948,0x00000000f8f00000)
  to   space 11264K, 0% used [0x00000000f7b00000,0x00000000f7b00000,0x00000000f8600000)
 ParOldGen       total 28672K, used 10537K [0x00000000c3e00000, 0x00000000c5a00000, 0x00000000ebf80000)
  object space 28672K, 36% used [0x00000000c3e00000,0x00000000c484a608,0x00000000c5a00000)
 Metaspace       used 30721K, capacity 32374K, committed 32640K, reserved 1077248K
  class space    used 4129K, capacity 4458K, committed 4480K, reserved 1048576K
}
Event: 17,147 GC heap before
{Heap before GC invocations=12 (full 1):
 PSYoungGen      total 201216K, used 82212K [0x00000000ebf80000, 0x00000000f9100000, 0x0000000100000000)
  eden space 192000K, 38% used [0x00000000ebf80000,0x00000000f06cf7b0,0x00000000f7b00000)
  from space 9216K, 99% used [0x00000000f8600000,0x00000000f8ef9948,0x00000000f8f00000)
  to   space 11264K, 0% used [0x00000000f7b00000,0x00000000f7b00000,0x00000000f8600000)
 ParOldGen       total 28672K, used 10537K [0x00000000c3e00000, 0x00000000c5a00000, 0x00000000ebf80000)
  object space 28672K, 36% used [0x00000000c3e00000,0x00000000c484a608,0x00000000c5a00000)
 Metaspace       used 33671K, capacity 35474K, committed 35496K, reserved 1079296K
  class space    used 4471K, capacity 4852K, committed 4864K, reserved 1048576K

